<?xml version="1.0" encoding="UTF-8"?>
<testng-results ignored="0" total="2" passed="2" failed="0" skipped="0">
  <reporter-output>
  </reporter-output>
  <suite started-at="2022-02-13T22:03:38 IST" name="Suite" finished-at="2022-02-13T22:04:39 IST" duration-ms="61061">
    <groups>
    </groups>
    <test started-at="2022-02-13T22:03:38 IST" name="chromeTest" finished-at="2022-02-13T22:04:38 IST" duration-ms="60221">
      <class name="DemoTestng.CBDemo">
        <test-method signature="tc(java.lang.String)[pri:0, instance:DemoTestng.CBDemo@759d26fb]" started-at="2022-02-13T22:03:38 IST" name="tc" finished-at="2022-02-13T22:04:38 IST" duration-ms="60139" status="PASS">
          <params>
            <param index="0">
              <value>
                <![CDATA[chrome]]>
              </value>
            </param>
          </params>
          <reporter-output>
          </reporter-output>
        </test-method> <!-- tc -->
      </class> <!-- DemoTestng.CBDemo -->
    </test> <!-- chromeTest -->
    <test started-at="2022-02-13T22:03:38 IST" name="firefoxTest" finished-at="2022-02-13T22:04:39 IST" duration-ms="61061">
      <class name="DemoTestng.CBDemo">
        <test-method signature="tc(java.lang.String)[pri:0, instance:DemoTestng.CBDemo@19d481b]" started-at="2022-02-13T22:03:38 IST" name="tc" finished-at="2022-02-13T22:04:39 IST" duration-ms="60991" status="PASS">
          <params>
            <param index="0">
              <value>
                <![CDATA[firefox]]>
              </value>
            </param>
          </params>
          <reporter-output>
          </reporter-output>
        </test-method> <!-- tc -->
      </class> <!-- DemoTestng.CBDemo -->
    </test> <!-- firefoxTest -->
  </suite> <!-- Suite -->
</testng-results>
